# JRE version: Java(TM) SE Runtime Environment (12.0.2+10) (build 12.0.2+10)
# Java VM: Java HotSpot(TM) 64-Bit Server VM (12.0.2+10, mixed mode, sharing, tiered, compressed oops, g1 gc, windows-amd64)
Heap:
 garbage-first heap   total 66560K, used 24099K [0x0000000741200000, 0x0000000800000000)
  region size 1024K, 7 young (7168K), 3 survivors (3072K)
 Metaspace       used 38867K, capacity 39783K, committed 39936K, reserved 1085440K
  class space    used 3949K, capacity 4255K, committed 4352K, reserved 1048576K
GC Heap History (10 events):
Event: 35.756 GC heap before
{Heap before GC invocations=8 (full 0):
 garbage-first heap   total 55296K, used 38445K [0x0000000741200000, 0x0000000800000000)
  region size 1024K, 25 young (25600K), 2 survivors (2048K)
 Metaspace       used 28713K, capacity 29469K, committed 29568K, reserved 1075200K
  class space    used 3130K, capacity 3427K, committed 3456K, reserved 1048576K
}
Event: 35.762 GC heap after
{Heap after GC invocations=9 (full 0):
 garbage-first heap   total 66560K, used 17571K [0x0000000741200000, 0x0000000800000000)
  region size 1024K, 4 young (4096K), 4 survivors (4096K)
 Metaspace       used 28713K, capacity 29469K, committed 29568K, reserved 1075200K
  class space    used 3130K, capacity 3427K, committed 3456K, reserved 1048576K
}
Event: 36.716 GC heap before
{Heap before GC invocations=9 (full 0):
 garbage-first heap   total 66560K, used 46243K [0x0000000741200000, 0x0000000800000000)
  region size 1024K, 33 young (33792K), 4 survivors (4096K)
 Metaspace       used 34611K, capacity 35417K, committed 35456K, reserved 1081344K
  class space    used 3649K, capacity 3959K, committed 3968K, reserved 1048576K
}
Event: 36.723 GC heap after
{Heap after GC invocations=10 (full 0):
 garbage-first heap   total 66560K, used 19249K [0x0000000741200000, 0x0000000800000000)
  region size 1024K, 2 young (2048K), 2 survivors (2048K)
 Metaspace       used 34611K, capacity 35417K, committed 35456K, reserved 1081344K
  class space    used 3649K, capacity 3959K, committed 3968K, reserved 1048576K
}
Event: 36.763 GC heap before
{Heap before GC invocations=10 (full 0):
 garbage-first heap   total 66560K, used 20273K [0x0000000741200000, 0x0000000800000000)
  region size 1024K, 4 young (4096K), 2 survivors (2048K)
 Metaspace       used 34922K, capacity 35705K, committed 35840K, reserved 1081344K
  class space    used 3681K, capacity 3991K, committed 4096K, reserved 1048576K
}
Event: 36.766 GC heap after
{Heap after GC invocations=11 (full 0):
 garbage-first heap   total 66560K, used 19204K [0x0000000741200000, 0x0000000800000000)
  region size 1024K, 2 young (2048K), 2 survivors (2048K)
 Metaspace       used 34922K, capacity 35705K, committed 35840K, reserved 1081344K
  class space    used 3681K, capacity 3991K, committed 4096K, reserved 1048576K
}
Event: 37.505 GC heap before
{Heap before GC invocations=12 (full 0):
 garbage-first heap   total 66560K, used 39684K [0x0000000741200000, 0x0000000800000000)
  region size 1024K, 23 young (23552K), 2 survivors (2048K)
 Metaspace       used 37667K, capacity 38452K, committed 38528K, reserved 1083392K
  class space    used 3889K, capacity 4181K, committed 4224K, reserved 1048576K
}
Event: 37.515 GC heap after
{Heap after GC invocations=13 (full 0):
 garbage-first heap   total 66560K, used 20403K [0x0000000741200000, 0x0000000800000000)
  region size 1024K, 2 young (2048K), 2 survivors (2048K)
 Metaspace       used 37667K, capacity 38452K, committed 38528K, reserved 1083392K
  class space    used 3889K, capacity 4181K, committed 4224K, reserved 1048576K
}
Event: 38.467 GC heap before
{Heap before GC invocations=14 (full 0):
 garbage-first heap   total 66560K, used 41907K [0x0000000741200000, 0x0000000800000000)
  region size 1024K, 23 young (23552K), 2 survivors (2048K)
 Metaspace       used 38783K, capacity 39655K, committed 39936K, reserved 1085440K
  class space    used 3949K, capacity 4255K, committed 4352K, reserved 1048576K
}
Event: 38.471 GC heap after
{Heap after GC invocations=15 (full 0):
 garbage-first heap   total 66560K, used 21027K [0x0000000741200000, 0x0000000800000000)
  region size 1024K, 3 young (3072K), 3 survivors (3072K)
 Metaspace       used 38783K, capacity 39655K, committed 39936K, reserved 1085440K
  class space    used 3949K, capacity 4255K, committed 4352K, reserved 1048576K
}

